Analyzing Swift files in current working directory
Collecting 'Theme.swift' (1/133)
Collecting 'workout_appApp.swift' (2/133)
Collecting 'WorkoutSessionModels.swift' (3/133)
Collecting 'NavigationModels.swift' (4/133)
Collecting 'AppTimeRange.swift' (5/133)
Collecting 'HealthTimeRange.swift' (6/133)
Collecting 'HealthMetric.swift' (7/133)
Collecting 'LoggedWorkoutModels.swift' (8/133)
Collecting 'AnalyticsModels.swift' (9/133)
Collecting 'DailyHealthData.swift' (10/133)
Collecting 'ExerciseMetricPreferences.swift' (11/133)
Collecting 'WorkoutModels.swift' (12/133)
Collecting 'GymProfile.swift' (13/133)
Collecting 'SampleData.swift' (14/133)
Collecting 'HealthData.swift' (15/133)
Collecting 'MuscleTag.swift' (16/133)
Collecting 'DashboardView.swift' (17/133)
Collecting 'MainTabView.swift' (18/133)
Collecting 'HealthDashboardView.swift' (19/133)
Collecting 'WorkoutHealthInsightsView.swift' (20/133)
Collecting 'SettingsView.swift' (21/133)
Collecting 'ExerciseTagEditorView.swift' (22/133)
Collecting 'QuickStartView.swift' (23/133)
Collecting 'InAppSplashView.swift' (24/133)
Collecting 'MetricDetailView.swift' (25/133)
Collecting 'ProfileView.swift' (26/133)
Collecting 'GymProfilesView.swift' (27/133)
Collecting 'ExportWorkoutsView.swift' (28/133)
Collecting 'PerformanceWeeklyChart.swift' (29/133)
Collecting 'MuscleRecencyView.swift' (30/133)
Collecting 'ChangeMetricDetailView.swift' (31/133)
Collecting 'HomeView.swift' (32/133)
Collecting 'ExerciseTaggingView.swift' (33/133)
Collecting 'CorrelationDetailView.swift' (34/133)
Collecting 'MuscleBalanceDetailView.swift' (35/133)
Collecting 'ExerciseDetailView.swift' (36/133)
Collecting 'GymBulkAssignView.swift' (37/133)
Collecting 'ExerciseListView.swift' (38/133)
Collecting 'PerformanceLabView.swift' (39/133)
Collecting 'WorkoutSessionInsightsView.swift' (40/133)
Collecting 'WorkoutHistoryView.swift' (41/133)
Collecting 'WorkoutDetailView.swift' (42/133)
Collecting 'BackupFilesView.swift' (43/133)
Collecting 'ExerciseStatDetailView.swift' (44/133)
Collecting 'AutoGymTaggingReportView.swift' (45/133)
Collecting 'OnboardingView.swift' (46/133)
Collecting 'HomeViewComponents.swift' (47/133)
Collecting 'ExportSelectionSheets.swift' (48/133)
Collecting 'BodyCompositionViewModel.swift' (49/133)
Collecting 'WorkoutsInRangeView.swift' (50/133)
Collecting 'DailyHealthDetailView.swift' (51/133)
Collecting 'HealthMetricDetailView.swift' (52/133)
Collecting 'HealthCustomRangeSheet.swift' (53/133)
Collecting 'HealthCategoryDetailView.swift' (54/133)
Collecting 'BodyCompositionView.swift' (55/133)
Collecting 'HealthHubView.swift' (56/133)
Collecting 'ExerciseProgressChart.swift' (57/133)
Collecting 'PersonalRecordsView.swift' (58/133)
Collecting 'ExerciseStatsCards.swift' (59/133)
Collecting 'ExerciseRangeBreakdown.swift' (60/133)
Collecting 'RecentSetsView.swift' (61/133)
Collecting 'TimeRangePillPicker.swift' (62/133)
Collecting 'VolumeProgressChart.swift' (63/133)
Collecting 'GymSelectionSheet.swift' (64/133)
Collecting 'AppPillButton.swift' (65/133)
Collecting 'MapAddressFormatting.swift' (66/133)
Collecting 'InsightCardView.swift' (67/133)
Collecting 'HighlightCard.swift' (68/133)
Collecting 'RecentWorkoutsView.swift' (69/133)
Collecting 'FilterButtons.swift' (70/133)
Collecting 'BrutalistDateRangePicker.swift' (71/133)
Collecting 'LoadingErrorCards.swift' (72/133)
Collecting 'MultiSelectSheet.swift' (73/133)
Collecting 'GymBadge.swift' (74/133)
Collecting 'PreWorkoutBriefingCard.swift' (75/133)
Collecting 'BodyCompositionTrendChart.swift' (76/133)
Collecting 'InsightsStreamView.swift' (77/133)
Collecting 'DataInsightCards.swift' (78/133)
Collecting 'WorkoutHRChart.swift' (79/133)
Collecting 'ExerciseBreakdownView.swift' (80/133)
Collecting 'BrutalistToggleStyle.swift' (81/133)
Collecting 'MuscleHeatmapView.swift' (82/133)
Collecting 'CollapsibleSection.swift' (83/133)
Collecting 'OverviewCardsView.swift' (84/133)
Collecting 'LongestStreaksSection.swift' (85/133)
Collecting 'WordmarkLockup.swift' (86/133)
Collecting 'GymMapSearchSheet.swift' (87/133)
Collecting 'ConsistencyView.swift' (88/133)
Collecting 'HealthDataView.swift' (89/133)
Collecting 'MuscleTagBadge.swift' (90/133)
Collecting 'InteractiveTimeSeriesChart.swift' (91/133)
Collecting 'MetricTileButton.swift' (92/133)
Collecting 'GymAssignmentCard.swift' (93/133)
Collecting 'ShareSheet.swift' (94/133)
Collecting 'BrutalistSegmentedPicker.swift' (95/133)
Collecting 'StrongImportWizard.swift' (96/133)
Collecting 'HealthSyncWizard.swift' (97/133)
Collecting 'FinishSessionSheet.swift' (98/133)
Collecting 'WorkoutEditView.swift' (99/133)
Collecting 'ActiveSessionBar.swift' (100/133)
Collecting 'ExercisePickerView.swift' (101/133)
Collecting 'WorkoutSessionView.swift' (102/133)
Collecting 'HealthKitSupport.swift' (103/133)
Collecting 'CSVParser.swift' (104/133)
Collecting 'WorkoutCSVExporter.swift' (105/133)
Collecting 'DataCorrelationEngine.swift' (106/133)
Collecting 'WorkoutIdentityStore.swift' (107/133)
Collecting 'HealthKitManager+Authorization.swift' (108/133)
Collecting 'BodyCompositionAnalytics.swift' (109/133)
Collecting 'WorkoutAnnotationsManager.swift' (110/133)
Collecting 'MuscleRecencySuggestionEngine.swift' (111/133)
Collecting 'WorkoutValueFormatter.swift' (112/133)
Collecting 'iCloudDocumentManager.swift' (113/133)
Collecting 'HealthKitManager+Persistence.swift' (114/133)
Collecting 'WorkoutDataManager.swift' (115/133)
Collecting 'InsightsEngine.swift' (116/133)
Collecting 'LegacyProgramCleanup.swift' (117/133)
Collecting 'SharedFormatters.swift' (118/133)
Collecting 'WorkoutAnalytics.swift' (119/133)
Collecting 'AdaptiveLuminanceManager.swift' (120/133)
Collecting 'Haptics.swift' (121/133)
Collecting 'FontRegistrar.swift' (122/133)
Collecting 'HealthKitManager.swift' (123/133)
Collecting 'HealthKitManager+DailySync.swift' (124/133)
Collecting 'HealthKitManager+Queries.swift' (125/133)
Collecting 'ExerciseMetadataManager.swift' (126/133)
Collecting 'GymProfilesManager.swift' (127/133)
Collecting 'HealthKitManager+WorkoutSync.swift' (128/133)
Collecting 'ExerciseMetricManager.swift' (129/133)
Collecting 'OneRepMax.swift' (130/133)
Collecting 'ExerciseRecommendationEngine.swift' (131/133)
Collecting 'WorkoutSessionManager.swift' (132/133)
Collecting 'WorkoutLogStore.swift' (133/133)
Analyzing 'Theme.swift' (1/133)
/Users/davis/my-apps/workout-app/workout-app/Theme.swift:57:20: error: Unused Declaration Violation: Declarations should be referenced at least once within all files linted (unused_declaration)
/Users/davis/my-apps/workout-app/workout-app/Theme.swift:58:20: error: Unused Declaration Violation: Declarations should be referenced at least once within all files linted (unused_declaration)
/Users/davis/my-apps/workout-app/workout-app/Theme.swift:84:20: error: Unused Declaration Violation: Declarations should be referenced at least once within all files linted (unused_declaration)
/Users/davis/my-apps/workout-app/workout-app/Theme.swift:85:20: error: Unused Declaration Violation: Declarations should be referenced at least once within all files linted (unused_declaration)
/Users/davis/my-apps/workout-app/workout-app/Theme.swift:89:20: error: Unused Declaration Violation: Declarations should be referenced at least once within all files linted (unused_declaration)
/Users/davis/my-apps/workout-app/workout-app/Theme.swift:93:20: error: Unused Declaration Violation: Declarations should be referenced at least once within all files linted (unused_declaration)
/Users/davis/my-apps/workout-app/workout-app/Theme.swift:181:20: error: Unused Declaration Violation: Declarations should be referenced at least once within all files linted (unused_declaration)
/Users/davis/my-apps/workout-app/workout-app/Theme.swift:184:20: error: Unused Declaration Violation: Declarations should be referenced at least once within all files linted (unused_declaration)
/Users/davis/my-apps/workout-app/workout-app/Theme.swift:185:20: error: Unused Declaration Violation: Declarations should be referenced at least once within all files linted (unused_declaration)
/Users/davis/my-apps/workout-app/workout-app/Theme.swift:188:20: error: Unused Declaration Violation: Declarations should be referenced at least once within all files linted (unused_declaration)
/Users/davis/my-apps/workout-app/workout-app/Theme.swift:197:20: error: Unused Declaration Violation: Declarations should be referenced at least once within all files linted (unused_declaration)
/Users/davis/my-apps/workout-app/workout-app/Theme.swift:203:20: error: Unused Declaration Violation: Declarations should be referenced at least once within all files linted (unused_declaration)
/Users/davis/my-apps/workout-app/workout-app/Theme.swift:205:20: error: Unused Declaration Violation: Declarations should be referenced at least once within all files linted (unused_declaration)
/Users/davis/my-apps/workout-app/workout-app/Theme.swift:221:20: error: Unused Declaration Violation: Declarations should be referenced at least once within all files linted (unused_declaration)
/Users/davis/my-apps/workout-app/workout-app/Theme.swift:245:20: error: Unused Declaration Violation: Declarations should be referenced at least once within all files linted (unused_declaration)
/Users/davis/my-apps/workout-app/workout-app/Theme.swift:408:16: error: Unused Declaration Violation: Declarations should be referenced at least once within all files linted (unused_declaration)
/Users/davis/my-apps/workout-app/workout-app/Theme.swift:452:10: error: Unused Declaration Violation: Declarations should be referenced at least once within all files linted (unused_declaration)
/Users/davis/my-apps/workout-app/workout-app/Theme.swift:459:10: error: Unused Declaration Violation: Declarations should be referenced at least once within all files linted (unused_declaration)
/Users/davis/my-apps/workout-app/workout-app/Theme.swift:486:10: error: Unused Declaration Violation: Declarations should be referenced at least once within all files linted (unused_declaration)
Analyzing 'workout_appApp.swift' (2/133)
Analyzing 'WorkoutSessionModels.swift' (3/133)
Analyzing 'NavigationModels.swift' (4/133)
Analyzing 'AppTimeRange.swift' (5/133)
/Users/davis/my-apps/workout-app/workout-app/Models/AppTimeRange.swift:21:9: error: Unused Declaration Violation: Declarations should be referenced at least once within all files linted (unused_declaration)
/Users/davis/my-apps/workout-app/workout-app/Models/AppTimeRange.swift:35:16: error: Unused Declaration Violation: Declarations should be referenced at least once within all files linted (unused_declaration)
/Users/davis/my-apps/workout-app/workout-app/Models/AppTimeRange.swift:38:16: error: Unused Declaration Violation: Declarations should be referenced at least once within all files linted (unused_declaration)
/Users/davis/my-apps/workout-app/workout-app/Models/AppTimeRange.swift:41:16: error: Unused Declaration Violation: Declarations should be referenced at least once within all files linted (unused_declaration)
/Users/davis/my-apps/workout-app/workout-app/Models/AppTimeRange.swift:48:10: error: Unused Declaration Violation: Declarations should be referenced at least once within all files linted (unused_declaration)
Analyzing 'HealthTimeRange.swift' (6/133)
Analyzing 'HealthMetric.swift' (7/133)
Analyzing 'LoggedWorkoutModels.swift' (8/133)
Analyzing 'AnalyticsModels.swift' (9/133)
Analyzing 'DailyHealthData.swift' (10/133)
Analyzing 'ExerciseMetricPreferences.swift' (11/133)
/Users/davis/my-apps/workout-app/workout-app/Models/ExerciseMetricPreferences.swift:48:9: error: Unused Declaration Violation: Declarations should be referenced at least once within all files linted (unused_declaration)
Analyzing 'WorkoutModels.swift' (12/133)
/Users/davis/my-apps/workout-app/workout-app/Models/WorkoutModels.swift:35:9: error: Unused Declaration Violation: Declarations should be referenced at least once within all files linted (unused_declaration)
Analyzing 'GymProfile.swift' (13/133)
Analyzing 'SampleData.swift' (14/133)
/Users/davis/my-apps/workout-app/workout-app/Models/SampleData.swift:3:6: error: Unused Declaration Violation: Declarations should be referenced at least once within all files linted (unused_declaration)
/Users/davis/my-apps/workout-app/workout-app/Models/SampleData.swift:162:16: error: Unused Declaration Violation: Declarations should be referenced at least once within all files linted (unused_declaration)
/Users/davis/my-apps/workout-app/workout-app/Models/SampleData.swift:182:16: error: Unused Declaration Violation: Declarations should be referenced at least once within all files linted (unused_declaration)
/Users/davis/my-apps/workout-app/workout-app/Models/SampleData.swift:218:16: error: Unused Declaration Violation: Declarations should be referenced at least once within all files linted (unused_declaration)
Analyzing 'HealthData.swift' (15/133)
/Users/davis/my-apps/workout-app/workout-app/Models/HealthData.swift:238:6: error: Unused Declaration Violation: Declarations should be referenced at least once within all files linted (unused_declaration)
/Users/davis/my-apps/workout-app/workout-app/Models/HealthData.swift:244:9: error: Unused Declaration Violation: Declarations should be referenced at least once within all files linted (unused_declaration)
/Users/davis/my-apps/workout-app/workout-app/Models/HealthData.swift:249:9: error: Unused Declaration Violation: Declarations should be referenced at least once within all files linted (unused_declaration)
/Users/davis/my-apps/workout-app/workout-app/Models/HealthData.swift:263:9: error: Unused Declaration Violation: Declarations should be referenced at least once within all files linted (unused_declaration)
/Users/davis/my-apps/workout-app/workout-app/Models/HealthData.swift:276:9: error: Unused Declaration Violation: Declarations should be referenced at least once within all files linted (unused_declaration)
/Users/davis/my-apps/workout-app/workout-app/Models/HealthData.swift:289:9: error: Unused Declaration Violation: Declarations should be referenced at least once within all files linted (unused_declaration)
Analyzing 'MuscleTag.swift' (16/133)
Analyzing 'DashboardView.swift' (17/133)
/Users/davis/my-apps/workout-app/workout-app/Views/DashboardView.swift:8:8: error: Unused Declaration Violation: Declarations should be referenced at least once within all files linted (unused_declaration)
Analyzing 'MainTabView.swift' (18/133)
Analyzing 'HealthDashboardView.swift' (19/133)
Analyzing 'WorkoutHealthInsightsView.swift' (20/133)
Analyzing 'SettingsView.swift' (21/133)
Analyzing 'ExerciseTagEditorView.swift' (22/133)
Analyzing 'QuickStartView.swift' (23/133)
Analyzing 'InAppSplashView.swift' (24/133)
Analyzing 'MetricDetailView.swift' (25/133)
Analyzing 'ProfileView.swift' (26/133)
Analyzing 'GymProfilesView.swift' (27/133)
Analyzing 'ExportWorkoutsView.swift' (28/133)
Analyzing 'PerformanceWeeklyChart.swift' (29/133)
Analyzing 'MuscleRecencyView.swift' (30/133)
Analyzing 'ChangeMetricDetailView.swift' (31/133)
/Users/davis/my-apps/workout-app/workout-app/Views/ChangeMetricDetailView.swift:29:17: error: Unused Declaration Violation: Declarations should be referenced at least once within all files linted (unused_declaration)
Analyzing 'HomeView.swift' (32/133)
/Users/davis/my-apps/workout-app/workout-app/Views/HomeView.swift:26:24: error: Unused Declaration Violation: Declarations should be referenced at least once within all files linted (unused_declaration)
Analyzing 'ExerciseTaggingView.swift' (33/133)
Analyzing 'CorrelationDetailView.swift' (34/133)
/Users/davis/my-apps/workout-app/workout-app/Views/CorrelationDetailView.swift:9:24: error: Unused Declaration Violation: Declarations should be referenced at least once within all files linted (unused_declaration)
Analyzing 'MuscleBalanceDetailView.swift' (35/133)
Analyzing 'ExerciseDetailView.swift' (36/133)
Analyzing 'GymBulkAssignView.swift' (37/133)
Analyzing 'ExerciseListView.swift' (38/133)
Analyzing 'PerformanceLabView.swift' (39/133)
/Users/davis/my-apps/workout-app/workout-app/Views/PerformanceLabView.swift:24:28: error: Unused Declaration Violation: Declarations should be referenced at least once within all files linted (unused_declaration)
Analyzing 'WorkoutSessionInsightsView.swift' (40/133)
Analyzing 'WorkoutHistoryView.swift' (41/133)
Analyzing 'WorkoutDetailView.swift' (42/133)
Analyzing 'BackupFilesView.swift' (43/133)
Analyzing 'ExerciseStatDetailView.swift' (44/133)
Analyzing 'AutoGymTaggingReportView.swift' (45/133)
Analyzing 'OnboardingView.swift' (46/133)
/Users/davis/my-apps/workout-app/workout-app/Views/OnboardingView.swift:328:17: error: Unused Declaration Violation: Declarations should be referenced at least once within all files linted (unused_declaration)
Analyzing 'HomeViewComponents.swift' (47/133)
Analyzing 'ExportSelectionSheets.swift' (48/133)
Analyzing 'BodyCompositionViewModel.swift' (49/133)
Analyzing 'WorkoutsInRangeView.swift' (50/133)
Analyzing 'DailyHealthDetailView.swift' (51/133)
/Users/davis/my-apps/workout-app/workout-app/Views/Health/DailyHealthDetailView.swift:159:18: error: Unused Declaration Violation: Declarations should be referenced at least once within all files linted (unused_declaration)
Analyzing 'HealthMetricDetailView.swift' (52/133)
Analyzing 'HealthCustomRangeSheet.swift' (53/133)
Analyzing 'HealthCategoryDetailView.swift' (54/133)
Analyzing 'BodyCompositionView.swift' (55/133)
Analyzing 'HealthHubView.swift' (56/133)
Analyzing 'ExerciseProgressChart.swift' (57/133)
Analyzing 'PersonalRecordsView.swift' (58/133)
Analyzing 'ExerciseStatsCards.swift' (59/133)
Analyzing 'ExerciseRangeBreakdown.swift' (60/133)
Analyzing 'RecentSetsView.swift' (61/133)
Analyzing 'TimeRangePillPicker.swift' (62/133)
Analyzing 'VolumeProgressChart.swift' (63/133)
/Users/davis/my-apps/workout-app/workout-app/Views/Components/VolumeProgressChart.swift:4:8: error: Unused Declaration Violation: Declarations should be referenced at least once within all files linted (unused_declaration)
Analyzing 'GymSelectionSheet.swift' (64/133)
Analyzing 'AppPillButton.swift' (65/133)
Analyzing 'MapAddressFormatting.swift' (66/133)
Analyzing 'InsightCardView.swift' (67/133)
/Users/davis/my-apps/workout-app/workout-app/Views/Components/InsightCardView.swift:83:8: error: Unused Declaration Violation: Declarations should be referenced at least once within all files linted (unused_declaration)
/Users/davis/my-apps/workout-app/workout-app/Views/Components/InsightCardView.swift:85:9: error: Unused Declaration Violation: Declarations should be referenced at least once within all files linted (unused_declaration)
Analyzing 'HighlightCard.swift' (68/133)
Analyzing 'RecentWorkoutsView.swift' (69/133)
/Users/davis/my-apps/workout-app/workout-app/Views/Components/RecentWorkoutsView.swift:3:8: error: Unused Declaration Violation: Declarations should be referenced at least once within all files linted (unused_declaration)
/Users/davis/my-apps/workout-app/workout-app/Views/Components/RecentWorkoutsView.swift:6:28: error: Unused Declaration Violation: Declarations should be referenced at least once within all files linted (unused_declaration)
Analyzing 'FilterButtons.swift' (70/133)
/Users/davis/my-apps/workout-app/workout-app/Views/Components/FilterButtons.swift:3:8: error: Unused Declaration Violation: Declarations should be referenced at least once within all files linted (unused_declaration)
Analyzing 'BrutalistDateRangePicker.swift' (71/133)
Analyzing 'LoadingErrorCards.swift' (72/133)
Analyzing 'MultiSelectSheet.swift' (73/133)
/Users/davis/my-apps/workout-app/workout-app/Views/Components/MultiSelectSheet.swift:3:8: error: Unused Declaration Violation: Declarations should be referenced at least once within all files linted (unused_declaration)
Analyzing 'GymBadge.swift' (74/133)
Analyzing 'PreWorkoutBriefingCard.swift' (75/133)
Analyzing 'BodyCompositionTrendChart.swift' (76/133)
Analyzing 'InsightsStreamView.swift' (77/133)
/Users/davis/my-apps/workout-app/workout-app/Views/Components/InsightsStreamView.swift:12:8: error: Unused Declaration Violation: Declarations should be referenced at least once within all files linted (unused_declaration)
Analyzing 'DataInsightCards.swift' (78/133)
Analyzing 'WorkoutHRChart.swift' (79/133)
Analyzing 'ExerciseBreakdownView.swift' (80/133)
/Users/davis/my-apps/workout-app/workout-app/Views/Components/ExerciseBreakdownView.swift:4:8: error: Unused Declaration Violation: Declarations should be referenced at least once within all files linted (unused_declaration)
Analyzing 'BrutalistToggleStyle.swift' (81/133)
Analyzing 'MuscleHeatmapView.swift' (82/133)
Analyzing 'CollapsibleSection.swift' (83/133)
/Users/davis/my-apps/workout-app/workout-app/Views/Components/CollapsibleSection.swift:3:8: error: Unused Declaration Violation: Declarations should be referenced at least once within all files linted (unused_declaration)
Analyzing 'OverviewCardsView.swift' (84/133)
/Users/davis/my-apps/workout-app/workout-app/Views/Components/OverviewCardsView.swift:3:8: error: Unused Declaration Violation: Declarations should be referenced at least once within all files linted (unused_declaration)
Analyzing 'LongestStreaksSection.swift' (85/133)
Analyzing 'WordmarkLockup.swift' (86/133)
Analyzing 'GymMapSearchSheet.swift' (87/133)
Analyzing 'ConsistencyView.swift' (88/133)
Analyzing 'HealthDataView.swift' (89/133)
/Users/davis/my-apps/workout-app/workout-app/Views/Components/HealthDataView.swift:7:24: error: Unused Declaration Violation: Declarations should be referenced at least once within all files linted (unused_declaration)
/Users/davis/my-apps/workout-app/workout-app/Views/Components/HealthDataView.swift:469:8: error: Unused Declaration Violation: Declarations should be referenced at least once within all files linted (unused_declaration)
Analyzing 'MuscleTagBadge.swift' (90/133)
Analyzing 'InteractiveTimeSeriesChart.swift' (91/133)
Analyzing 'MetricTileButton.swift' (92/133)
Analyzing 'GymAssignmentCard.swift' (93/133)
Analyzing 'ShareSheet.swift' (94/133)
Analyzing 'BrutalistSegmentedPicker.swift' (95/133)
Analyzing 'StrongImportWizard.swift' (96/133)
/Users/davis/my-apps/workout-app/workout-app/Views/Wizards/StrongImportWizard.swift:9:28: error: Unused Declaration Violation: Declarations should be referenced at least once within all files linted (unused_declaration)
/Users/davis/my-apps/workout-app/workout-app/Views/Wizards/StrongImportWizard.swift:10:28: error: Unused Declaration Violation: Declarations should be referenced at least once within all files linted (unused_declaration)
Analyzing 'HealthSyncWizard.swift' (97/133)
Analyzing 'FinishSessionSheet.swift' (98/133)
Analyzing 'WorkoutEditView.swift' (99/133)
/Users/davis/my-apps/workout-app/workout-app/Views/Session/WorkoutEditView.swift:8:33: error: Unused Declaration Violation: Declarations should be referenced at least once within all files linted (unused_declaration)
Analyzing 'ActiveSessionBar.swift' (100/133)
Analyzing 'ExercisePickerView.swift' (101/133)
Analyzing 'WorkoutSessionView.swift' (102/133)
Analyzing 'HealthKitSupport.swift' (103/133)
Analyzing 'CSVParser.swift' (104/133)
Analyzing 'WorkoutCSVExporter.swift' (105/133)
Analyzing 'DataCorrelationEngine.swift' (106/133)
Analyzing 'WorkoutIdentityStore.swift' (107/133)
Analyzing 'HealthKitManager+Authorization.swift' (108/133)
Analyzing 'BodyCompositionAnalytics.swift' (109/133)
Analyzing 'WorkoutAnnotationsManager.swift' (110/133)
Analyzing 'MuscleRecencySuggestionEngine.swift' (111/133)
Analyzing 'WorkoutValueFormatter.swift' (112/133)
Analyzing 'iCloudDocumentManager.swift' (113/133)
/Users/davis/my-apps/workout-app/workout-app/Services/iCloudDocumentManager.swift:8:20: error: Unused Declaration Violation: Declarations should be referenced at least once within all files linted (unused_declaration)
/Users/davis/my-apps/workout-app/workout-app/Services/iCloudDocumentManager.swift:69:10: error: Unused Declaration Violation: Declarations should be referenced at least once within all files linted (unused_declaration)
/Users/davis/my-apps/workout-app/workout-app/Services/iCloudDocumentManager.swift:78:10: error: Unused Declaration Violation: Declarations should be referenced at least once within all files linted (unused_declaration)
/Users/davis/my-apps/workout-app/workout-app/Services/iCloudDocumentManager.swift:87:10: error: Unused Declaration Violation: Declarations should be referenced at least once within all files linted (unused_declaration)
Analyzing 'HealthKitManager+Persistence.swift' (114/133)
Analyzing 'WorkoutDataManager.swift' (115/133)
Analyzing 'InsightsEngine.swift' (116/133)
Analyzing 'LegacyProgramCleanup.swift' (117/133)
Analyzing 'SharedFormatters.swift' (118/133)
/Users/davis/my-apps/workout-app/workout-app/Services/SharedFormatters.swift:62:17: error: Unused Declaration Violation: Declarations should be referenced at least once within all files linted (unused_declaration)
Analyzing 'WorkoutAnalytics.swift' (119/133)
/Users/davis/my-apps/workout-app/workout-app/Services/WorkoutAnalytics.swift:52:17: error: Unused Declaration Violation: Declarations should be referenced at least once within all files linted (unused_declaration)
/Users/davis/my-apps/workout-app/workout-app/Services/WorkoutAnalytics.swift:88:17: error: Unused Declaration Violation: Declarations should be referenced at least once within all files linted (unused_declaration)
/Users/davis/my-apps/workout-app/workout-app/Services/WorkoutAnalytics.swift:203:17: error: Unused Declaration Violation: Declarations should be referenced at least once within all files linted (unused_declaration)
/Users/davis/my-apps/workout-app/workout-app/Services/WorkoutAnalytics.swift:221:17: error: Unused Declaration Violation: Declarations should be referenced at least once within all files linted (unused_declaration)
/Users/davis/my-apps/workout-app/workout-app/Services/WorkoutAnalytics.swift:378:25: error: Unused Declaration Violation: Declarations should be referenced at least once within all files linted (unused_declaration)
Analyzing 'AdaptiveLuminanceManager.swift' (120/133)
/Users/davis/my-apps/workout-app/workout-app/Services/AdaptiveLuminanceManager.swift:5:13: error: Unused Declaration Violation: Declarations should be referenced at least once within all files linted (unused_declaration)
Analyzing 'Haptics.swift' (121/133)
Analyzing 'FontRegistrar.swift' (122/133)
Analyzing 'HealthKitManager.swift' (123/133)
Analyzing 'HealthKitManager+DailySync.swift' (124/133)
Analyzing 'HealthKitManager+Queries.swift' (125/133)
/Users/davis/my-apps/workout-app/workout-app/Services/HealthKitManager+Queries.swift:93:10: error: Unused Declaration Violation: Declarations should be referenced at least once within all files linted (unused_declaration)
Analyzing 'ExerciseMetadataManager.swift' (126/133)
Analyzing 'GymProfilesManager.swift' (127/133)
Analyzing 'HealthKitManager+WorkoutSync.swift' (128/133)
Analyzing 'ExerciseMetricManager.swift' (129/133)
Analyzing 'OneRepMax.swift' (130/133)
Analyzing 'ExerciseRecommendationEngine.swift' (131/133)
Analyzing 'WorkoutSessionManager.swift' (132/133)
/Users/davis/my-apps/workout-app/workout-app/Services/WorkoutSessionManager.swift:107:10: error: Unused Declaration Violation: Declarations should be referenced at least once within all files linted (unused_declaration)
/Users/davis/my-apps/workout-app/workout-app/Services/WorkoutSessionManager.swift:117:10: error: Unused Declaration Violation: Declarations should be referenced at least once within all files linted (unused_declaration)
/Users/davis/my-apps/workout-app/workout-app/Services/WorkoutSessionManager.swift:239:10: error: Unused Declaration Violation: Declarations should be referenced at least once within all files linted (unused_declaration)
/Users/davis/my-apps/workout-app/workout-app/Services/WorkoutSessionManager.swift:247:10: error: Unused Declaration Violation: Declarations should be referenced at least once within all files linted (unused_declaration)
Analyzing 'WorkoutLogStore.swift' (133/133)
Done analyzing! Found 75 violations, 75 serious in 133 files.
